<?xml version="1.0" encoding="UTF-8"?>
<!-- Generated by org.testng.reporters.JUnitReportReporter -->
<testsuite skipped="0" hostname="DESKTOP-3H2NKNV" name="testclass.Testnewaccount" tests="1" failures="0" timestamp="05 Feb 2020 10:41:25 GMT" time="31.468" errors="0">
  <testcase name="miku" time="31.468" classname="testclass.Testnewaccount"/>
</testsuite> <!-- testclass.Testnewaccount -->
